/home/abdulkadir/Dev/local/minirobots_ws/install/minirobots/lib/python3.8/site-packages/minirobots/__init__.py
/home/abdulkadir/Dev/local/minirobots_ws/install/minirobots/lib/python3.8/site-packages/minirobots/obstacle_avoider.py
/home/abdulkadir/Dev/local/minirobots_ws/install/minirobots/lib/python3.8/site-packages/minirobots/my_robot_driver.py
/home/abdulkadir/Dev/local/minirobots_ws/install/minirobots/lib/python3.8/site-packages/minirobots/__pycache__/__init__.cpython-38.pyc
/home/abdulkadir/Dev/local/minirobots_ws/install/minirobots/lib/python3.8/site-packages/minirobots/__pycache__/obstacle_avoider.cpython-38.pyc
/home/abdulkadir/Dev/local/minirobots_ws/install/minirobots/lib/python3.8/site-packages/minirobots/__pycache__/my_robot_driver.cpython-38.pyc
/home/abdulkadir/Dev/local/minirobots_ws/install/minirobots/share/ament_index/resource_index/packages/minirobots
/home/abdulkadir/Dev/local/minirobots_ws/install/minirobots/share/minirobots/launch/robot_launch.py
/home/abdulkadir/Dev/local/minirobots_ws/install/minirobots/share/minirobots/worlds/minirobotlarintatlidunyasi.wbt
/home/abdulkadir/Dev/local/minirobots_ws/install/minirobots/share/minirobots/resource/hamster.urdf
/home/abdulkadir/Dev/local/minirobots_ws/install/minirobots/share/minirobots/package.xml
/home/abdulkadir/Dev/local/minirobots_ws/install/minirobots/lib/python3.8/site-packages/minirobots-0.0.0-py3.8.egg-info/entry_points.txt
/home/abdulkadir/Dev/local/minirobots_ws/install/minirobots/lib/python3.8/site-packages/minirobots-0.0.0-py3.8.egg-info/zip-safe
/home/abdulkadir/Dev/local/minirobots_ws/install/minirobots/lib/python3.8/site-packages/minirobots-0.0.0-py3.8.egg-info/SOURCES.txt
/home/abdulkadir/Dev/local/minirobots_ws/install/minirobots/lib/python3.8/site-packages/minirobots-0.0.0-py3.8.egg-info/PKG-INFO
/home/abdulkadir/Dev/local/minirobots_ws/install/minirobots/lib/python3.8/site-packages/minirobots-0.0.0-py3.8.egg-info/top_level.txt
/home/abdulkadir/Dev/local/minirobots_ws/install/minirobots/lib/python3.8/site-packages/minirobots-0.0.0-py3.8.egg-info/dependency_links.txt
/home/abdulkadir/Dev/local/minirobots_ws/install/minirobots/lib/python3.8/site-packages/minirobots-0.0.0-py3.8.egg-info/requires.txt
/home/abdulkadir/Dev/local/minirobots_ws/install/minirobots/lib/minirobots/my_robot_driver
/home/abdulkadir/Dev/local/minirobots_ws/install/minirobots/lib/minirobots/obstacle_avoider
