running egg_info
creating ../../build/minirobots/minirobots.egg-info
writing ../../build/minirobots/minirobots.egg-info/PKG-INFO
writing dependency_links to ../../build/minirobots/minirobots.egg-info/dependency_links.txt
writing entry points to ../../build/minirobots/minirobots.egg-info/entry_points.txt
writing requirements to ../../build/minirobots/minirobots.egg-info/requires.txt
writing top-level names to ../../build/minirobots/minirobots.egg-info/top_level.txt
writing manifest file '../../build/minirobots/minirobots.egg-info/SOURCES.txt'
reading manifest file '../../build/minirobots/minirobots.egg-info/SOURCES.txt'
writing manifest file '../../build/minirobots/minirobots.egg-info/SOURCES.txt'
running build
running build_py
creating /home/abdulkadir/Dev/local/minirobots_ws/build/minirobots/build
creating /home/abdulkadir/Dev/local/minirobots_ws/build/minirobots/build/lib
creating /home/abdulkadir/Dev/local/minirobots_ws/build/minirobots/build/lib/minirobots
copying minirobots/__init__.py -> /home/abdulkadir/Dev/local/minirobots_ws/build/minirobots/build/lib/minirobots
copying minirobots/my_robot_driver.py -> /home/abdulkadir/Dev/local/minirobots_ws/build/minirobots/build/lib/minirobots
running install
running install_lib
creating /home/abdulkadir/Dev/local/minirobots_ws/install/minirobots/lib/python3.8/site-packages/minirobots
copying /home/abdulkadir/Dev/local/minirobots_ws/build/minirobots/build/lib/minirobots/__init__.py -> /home/abdulkadir/Dev/local/minirobots_ws/install/minirobots/lib/python3.8/site-packages/minirobots
copying /home/abdulkadir/Dev/local/minirobots_ws/build/minirobots/build/lib/minirobots/my_robot_driver.py -> /home/abdulkadir/Dev/local/minirobots_ws/install/minirobots/lib/python3.8/site-packages/minirobots
byte-compiling /home/abdulkadir/Dev/local/minirobots_ws/install/minirobots/lib/python3.8/site-packages/minirobots/__init__.py to __init__.cpython-38.pyc
byte-compiling /home/abdulkadir/Dev/local/minirobots_ws/install/minirobots/lib/python3.8/site-packages/minirobots/my_robot_driver.py to my_robot_driver.cpython-38.pyc
running install_data
creating /home/abdulkadir/Dev/local/minirobots_ws/install/minirobots/share/minirobots/launch
copying launch/robot_launch.py -> /home/abdulkadir/Dev/local/minirobots_ws/install/minirobots/share/minirobots/launch
creating /home/abdulkadir/Dev/local/minirobots_ws/install/minirobots/share/minirobots/worlds
copying worlds/minirobotlarintatlidunyasi.wbt -> /home/abdulkadir/Dev/local/minirobots_ws/install/minirobots/share/minirobots/worlds
creating /home/abdulkadir/Dev/local/minirobots_ws/install/minirobots/share/minirobots/resource
copying resource/hamster.urdf -> /home/abdulkadir/Dev/local/minirobots_ws/install/minirobots/share/minirobots/resource
running install_egg_info
Copying ../../build/minirobots/minirobots.egg-info to /home/abdulkadir/Dev/local/minirobots_ws/install/minirobots/lib/python3.8/site-packages/minirobots-0.0.0-py3.8.egg-info
running install_scripts
Installing my_robot_driver script to /home/abdulkadir/Dev/local/minirobots_ws/install/minirobots/lib/minirobots
writing list of installed files to '/home/abdulkadir/Dev/local/minirobots_ws/build/minirobots/install.log'
