[0.829s] Invoking command in '/home/abdulkadir/Dev/local/minirobots_ws/src/minirobots': PYTHONPATH=/home/abdulkadir/Dev/local/minirobots_ws/build/minirobots/prefix_override:/home/abdulkadir/Dev/local/minirobots_ws/install/minirobots/lib/python3.8/site-packages:${PYTHONPATH} /usr/bin/python3 setup.py egg_info --egg-base ../../build/minirobots build --build-base /home/abdulkadir/Dev/local/minirobots_ws/build/minirobots/build install --record /home/abdulkadir/Dev/local/minirobots_ws/build/minirobots/install.log --install-scripts $base/lib/minirobots --single-version-externally-managed
[1.102s] running egg_info
[1.103s] writing ../../build/minirobots/minirobots.egg-info/PKG-INFO
[1.103s] writing dependency_links to ../../build/minirobots/minirobots.egg-info/dependency_links.txt
[1.103s] writing entry points to ../../build/minirobots/minirobots.egg-info/entry_points.txt
[1.104s] writing requirements to ../../build/minirobots/minirobots.egg-info/requires.txt
[1.104s] writing top-level names to ../../build/minirobots/minirobots.egg-info/top_level.txt
[1.143s] reading manifest file '../../build/minirobots/minirobots.egg-info/SOURCES.txt'
[1.144s] writing manifest file '../../build/minirobots/minirobots.egg-info/SOURCES.txt'
[1.166s] running build
[1.166s] running build_py
[1.166s] running install
[1.168s] running install_lib
[1.169s] running install_data
[1.170s] running install_egg_info
[1.171s] removing '/home/abdulkadir/Dev/local/minirobots_ws/install/minirobots/lib/python3.8/site-packages/minirobots-0.0.0-py3.8.egg-info' (and everything under it)
[1.172s] Copying ../../build/minirobots/minirobots.egg-info to /home/abdulkadir/Dev/local/minirobots_ws/install/minirobots/lib/python3.8/site-packages/minirobots-0.0.0-py3.8.egg-info
[1.172s] running install_scripts
[1.187s] Installing my_robot_driver script to /home/abdulkadir/Dev/local/minirobots_ws/install/minirobots/lib/minirobots
[1.187s] writing list of installed files to '/home/abdulkadir/Dev/local/minirobots_ws/build/minirobots/install.log'
[1.210s] Invoked command in '/home/abdulkadir/Dev/local/minirobots_ws/src/minirobots' returned '0': PYTHONPATH=/home/abdulkadir/Dev/local/minirobots_ws/build/minirobots/prefix_override:/home/abdulkadir/Dev/local/minirobots_ws/install/minirobots/lib/python3.8/site-packages:${PYTHONPATH} /usr/bin/python3 setup.py egg_info --egg-base ../../build/minirobots build --build-base /home/abdulkadir/Dev/local/minirobots_ws/build/minirobots/build install --record /home/abdulkadir/Dev/local/minirobots_ws/build/minirobots/install.log --install-scripts $base/lib/minirobots --single-version-externally-managed
